2025-10-14T16:29:14: 
2025-10-14T16:29:14: > shipany-template-one@2.6.0 start /home/ubuntu/ship-haopengyou
2025-10-14T16:29:14: > NODE_NO_WARNINGS=1 next start --port 3005
2025-10-14T16:29:14: 
2025-10-14T16:29:14:    ▲ Next.js 15.2.3
2025-10-14T16:29:14:    - Local:        http://localhost:3005
2025-10-14T16:29:14:    - Network:      http://10.1.24.7:3005
2025-10-14T16:29:14: 
2025-10-14T16:29:14:  ✓ Starting...
2025-10-14T16:29:14:  ELIFECYCLE  Command failed with exit code 1.
2025-10-14T16:29:15: 
2025-10-14T16:29:15: > shipany-template-one@2.6.0 start /home/ubuntu/ship-haopengyou
2025-10-14T16:29:15: > NODE_NO_WARNINGS=1 next start --port 3005
2025-10-14T16:29:15: 
2025-10-14T16:29:15:    ▲ Next.js 15.2.3
2025-10-14T16:29:15:    - Local:        http://localhost:3005
2025-10-14T16:29:15:    - Network:      http://10.1.24.7:3005
2025-10-14T16:29:15: 
2025-10-14T16:29:15:  ✓ Starting...
2025-10-14T16:29:15:  ELIFECYCLE  Command failed with exit code 1.
2025-10-14T16:29:16: 
2025-10-14T16:29:16: > shipany-template-one@2.6.0 start /home/ubuntu/ship-haopengyou
2025-10-14T16:29:16: > NODE_NO_WARNINGS=1 next start --port 3005
2025-10-14T16:29:16: 
2025-10-14T16:29:16:    ▲ Next.js 15.2.3
2025-10-14T16:29:16:    - Local:        http://localhost:3005
2025-10-14T16:29:16:    - Network:      http://10.1.24.7:3005
2025-10-14T16:29:16: 
2025-10-14T16:29:16:  ✓ Starting...
2025-10-14T16:29:16:  ELIFECYCLE  Command failed with exit code 1.
2025-10-14T16:29:17: 
2025-10-14T16:29:17: > shipany-template-one@2.6.0 start /home/ubuntu/ship-haopengyou
2025-10-14T16:29:17: > NODE_NO_WARNINGS=1 next start --port 3005
2025-10-14T16:29:17: 
2025-10-14T16:29:17:    ▲ Next.js 15.2.3
2025-10-14T16:29:17:    - Local:        http://localhost:3005
2025-10-14T16:29:17:    - Network:      http://10.1.24.7:3005
2025-10-14T16:29:17: 
2025-10-14T16:29:17:  ✓ Starting...
2025-10-14T16:29:17:  ELIFECYCLE  Command failed with exit code 1.
2025-10-14T16:29:17: 
2025-10-14T16:29:17: > shipany-template-one@2.6.0 start /home/ubuntu/ship-haopengyou
2025-10-14T16:29:17: > NODE_NO_WARNINGS=1 next start --port 3005
2025-10-14T16:29:17: 
2025-10-14T16:29:18:    ▲ Next.js 15.2.3
2025-10-14T16:29:18:    - Local:        http://localhost:3005
2025-10-14T16:29:18:    - Network:      http://10.1.24.7:3005
2025-10-14T16:29:18: 
2025-10-14T16:29:18:  ✓ Starting...
2025-10-14T16:29:18:  ELIFECYCLE  Command failed with exit code 1.
2025-10-14T16:29:18: 
2025-10-14T16:29:18: > shipany-template-one@2.6.0 start /home/ubuntu/ship-haopengyou
2025-10-14T16:29:18: > NODE_NO_WARNINGS=1 next start --port 3005
2025-10-14T16:29:18: 
2025-10-14T16:29:19:    ▲ Next.js 15.2.3
2025-10-14T16:29:19:    - Local:        http://localhost:3005
2025-10-14T16:29:19:    - Network:      http://10.1.24.7:3005
2025-10-14T16:29:19: 
2025-10-14T16:29:19:  ✓ Starting...
2025-10-14T16:29:19:  ELIFECYCLE  Command failed with exit code 1.
2025-10-14T16:29:19: 
2025-10-14T16:29:19: > shipany-template-one@2.6.0 start /home/ubuntu/ship-haopengyou
2025-10-14T16:29:19: > NODE_NO_WARNINGS=1 next start --port 3005
2025-10-14T16:29:19: 
2025-10-14T16:29:20:    ▲ Next.js 15.2.3
2025-10-14T16:29:20:    - Local:        http://localhost:3005
2025-10-14T16:29:20:    - Network:      http://10.1.24.7:3005
2025-10-14T16:29:20: 
2025-10-14T16:29:20:  ✓ Starting...
2025-10-14T16:29:20:  ELIFECYCLE  Command failed with exit code 1.
2025-10-14T16:29:20: 
2025-10-14T16:29:20: > shipany-template-one@2.6.0 start /home/ubuntu/ship-haopengyou
2025-10-14T16:29:20: > NODE_NO_WARNINGS=1 next start --port 3005
2025-10-14T16:29:20: 
2025-10-14T16:29:21:    ▲ Next.js 15.2.3
2025-10-14T16:29:21:    - Local:        http://localhost:3005
2025-10-14T16:29:21:    - Network:      http://10.1.24.7:3005
2025-10-14T16:29:21: 
2025-10-14T16:29:21:  ✓ Starting...
2025-10-14T16:29:21:  ELIFECYCLE  Command failed with exit code 1.
2025-10-14T16:29:21: 
2025-10-14T16:29:21: > shipany-template-one@2.6.0 start /home/ubuntu/ship-haopengyou
2025-10-14T16:29:21: > NODE_NO_WARNINGS=1 next start --port 3005
2025-10-14T16:29:21: 
2025-10-14T16:29:22:    ▲ Next.js 15.2.3
2025-10-14T16:29:22:    - Local:        http://localhost:3005
2025-10-14T16:29:22:    - Network:      http://10.1.24.7:3005
2025-10-14T16:29:22: 
2025-10-14T16:29:22:  ✓ Starting...
2025-10-14T16:29:22:  ELIFECYCLE  Command failed with exit code 1.
2025-10-14T16:29:22: 
2025-10-14T16:29:22: > shipany-template-one@2.6.0 start /home/ubuntu/ship-haopengyou
2025-10-14T16:29:22: > NODE_NO_WARNINGS=1 next start --port 3005
2025-10-14T16:29:22: 
2025-10-14T16:29:23:    ▲ Next.js 15.2.3
2025-10-14T16:29:23:    - Local:        http://localhost:3005
2025-10-14T16:29:23:    - Network:      http://10.1.24.7:3005
2025-10-14T16:29:23: 
2025-10-14T16:29:23:  ✓ Starting...
2025-10-14T16:29:23:  ELIFECYCLE  Command failed with exit code 1.
2025-10-14T16:29:23: 
2025-10-14T16:29:23: > shipany-template-one@2.6.0 start /home/ubuntu/ship-haopengyou
2025-10-14T16:29:23: > NODE_NO_WARNINGS=1 next start --port 3005
2025-10-14T16:29:23: 
2025-10-14T16:29:24:    ▲ Next.js 15.2.3
2025-10-14T16:29:24:    - Local:        http://localhost:3005
2025-10-14T16:29:24:    - Network:      http://10.1.24.7:3005
2025-10-14T16:29:24: 
2025-10-14T16:29:24:  ✓ Starting...
2025-10-14T16:29:24:  ELIFECYCLE  Command failed with exit code 1.
2025-10-14T16:29:24: 
2025-10-14T16:29:24: > shipany-template-one@2.6.0 start /home/ubuntu/ship-haopengyou
2025-10-14T16:29:24: > NODE_NO_WARNINGS=1 next start --port 3005
2025-10-14T16:29:24: 
2025-10-14T16:29:25:    ▲ Next.js 15.2.3
2025-10-14T16:29:25:    - Local:        http://localhost:3005
2025-10-14T16:29:25:    - Network:      http://10.1.24.7:3005
2025-10-14T16:29:25: 
2025-10-14T16:29:25:  ✓ Starting...
2025-10-14T16:29:25:  ELIFECYCLE  Command failed with exit code 1.
2025-10-14T16:29:25: 
2025-10-14T16:29:25: > shipany-template-one@2.6.0 start /home/ubuntu/ship-haopengyou
2025-10-14T16:29:25: > NODE_NO_WARNINGS=1 next start --port 3005
2025-10-14T16:29:25: 
2025-10-14T16:29:25:    ▲ Next.js 15.2.3
2025-10-14T16:29:25:    - Local:        http://localhost:3005
2025-10-14T16:29:25:    - Network:      http://10.1.24.7:3005
2025-10-14T16:29:25: 
2025-10-14T16:29:25:  ✓ Starting...
2025-10-14T16:29:26:  ELIFECYCLE  Command failed with exit code 1.
2025-10-14T16:29:26: 
2025-10-14T16:29:26: > shipany-template-one@2.6.0 start /home/ubuntu/ship-haopengyou
2025-10-14T16:29:26: > NODE_NO_WARNINGS=1 next start --port 3005
2025-10-14T16:29:26: 
2025-10-14T16:29:26:    ▲ Next.js 15.2.3
2025-10-14T16:29:26:    - Local:        http://localhost:3005
2025-10-14T16:29:26:    - Network:      http://10.1.24.7:3005
2025-10-14T16:29:26: 
2025-10-14T16:29:26:  ✓ Starting...
2025-10-14T16:29:27:  ELIFECYCLE  Command failed with exit code 1.
2025-10-14T16:29:27: 
2025-10-14T16:29:27: > shipany-template-one@2.6.0 start /home/ubuntu/ship-haopengyou
2025-10-14T16:29:27: > NODE_NO_WARNINGS=1 next start --port 3005
2025-10-14T16:29:27: 
2025-10-14T16:29:27:    ▲ Next.js 15.2.3
2025-10-14T16:29:27:    - Local:        http://localhost:3005
2025-10-14T16:29:27:    - Network:      http://10.1.24.7:3005
2025-10-14T16:29:27: 
2025-10-14T16:29:27:  ✓ Starting...
2025-10-14T16:29:28:  ELIFECYCLE  Command failed with exit code 1.
2025-10-14T16:29:28: 
2025-10-14T16:29:28: > shipany-template-one@2.6.0 start /home/ubuntu/ship-haopengyou
2025-10-14T16:29:28: > NODE_NO_WARNINGS=1 next start --port 3005
2025-10-14T16:29:28: 
2025-10-14T16:29:28:    ▲ Next.js 15.2.3
2025-10-14T16:29:28:    - Local:        http://localhost:3005
2025-10-14T16:29:28:    - Network:      http://10.1.24.7:3005
2025-10-14T16:29:28: 
2025-10-14T16:29:28:  ✓ Starting...
2025-10-14T16:29:29:  ELIFECYCLE  Command failed with exit code 1.
2025-10-14T16:29:29: 
2025-10-14T16:29:29: > shipany-template-one@2.6.0 start /home/ubuntu/ship-haopengyou
2025-10-14T16:29:29: > NODE_NO_WARNINGS=1 next start --port 3005
2025-10-14T16:29:29: 
2025-10-14T16:29:29:    ▲ Next.js 15.2.3
2025-10-14T16:29:29:    - Local:        http://localhost:3005
2025-10-14T16:29:29:    - Network:      http://10.1.24.7:3005
2025-10-14T16:29:29: 
2025-10-14T16:29:29:  ✓ Starting...
2025-10-14T16:29:29:  ELIFECYCLE  Command failed with exit code 1.
2025-10-14T16:29:30: 
2025-10-14T16:29:30: > shipany-template-one@2.6.0 start /home/ubuntu/ship-haopengyou
2025-10-14T16:29:30: > NODE_NO_WARNINGS=1 next start --port 3005
2025-10-14T16:29:30: 
2025-10-14T16:29:30:    ▲ Next.js 15.2.3
2025-10-14T16:29:30:    - Local:        http://localhost:3005
2025-10-14T16:29:30:    - Network:      http://10.1.24.7:3005
2025-10-14T16:29:30: 
2025-10-14T16:29:30:  ✓ Starting...
2025-10-14T16:29:30:  ELIFECYCLE  Command failed with exit code 1.
2025-10-14T16:29:31: 
2025-10-14T16:29:31: > shipany-template-one@2.6.0 start /home/ubuntu/ship-haopengyou
2025-10-14T16:29:31: > NODE_NO_WARNINGS=1 next start --port 3005
2025-10-14T16:29:31: 
2025-10-14T16:29:31:    ▲ Next.js 15.2.3
2025-10-14T16:29:31:    - Local:        http://localhost:3005
2025-10-14T16:29:31:    - Network:      http://10.1.24.7:3005
2025-10-14T16:29:31: 
2025-10-14T16:29:31:  ✓ Starting...
2025-10-14T16:29:31:  ELIFECYCLE  Command failed with exit code 1.
2025-10-14T16:29:32: 
2025-10-14T16:29:32: > shipany-template-one@2.6.0 start /home/ubuntu/ship-haopengyou
2025-10-14T16:29:32: > NODE_NO_WARNINGS=1 next start --port 3005
2025-10-14T16:29:32: 
2025-10-14T16:29:32:    ▲ Next.js 15.2.3
2025-10-14T16:29:32:    - Local:        http://localhost:3005
2025-10-14T16:29:32:    - Network:      http://10.1.24.7:3005
2025-10-14T16:29:32: 
2025-10-14T16:29:32:  ✓ Starting...
2025-10-14T16:29:32:  ELIFECYCLE  Command failed with exit code 1.
2025-10-14T16:29:33: 
2025-10-14T16:29:33: > shipany-template-one@2.6.0 start /home/ubuntu/ship-haopengyou
2025-10-14T16:29:33: > NODE_NO_WARNINGS=1 next start --port 3005
2025-10-14T16:29:33: 
2025-10-14T16:29:33:    ▲ Next.js 15.2.3
2025-10-14T16:29:33:    - Local:        http://localhost:3005
2025-10-14T16:29:33:    - Network:      http://10.1.24.7:3005
2025-10-14T16:29:33: 
2025-10-14T16:29:33:  ✓ Starting...
2025-10-14T16:29:33:  ELIFECYCLE  Command failed with exit code 1.
2025-10-14T16:29:34: 
2025-10-14T16:29:34: > shipany-template-one@2.6.0 start /home/ubuntu/ship-haopengyou
2025-10-14T16:29:34: > NODE_NO_WARNINGS=1 next start --port 3005
2025-10-14T16:29:34: 
2025-10-14T16:29:34:    ▲ Next.js 15.2.3
2025-10-14T16:29:34:    - Local:        http://localhost:3005
2025-10-14T16:29:34:    - Network:      http://10.1.24.7:3005
2025-10-14T16:29:34: 
2025-10-14T16:29:34:  ✓ Starting...
2025-10-14T16:29:34:  ELIFECYCLE  Command failed with exit code 1.
2025-10-14T16:29:35: 
2025-10-14T16:29:35: > shipany-template-one@2.6.0 start /home/ubuntu/ship-haopengyou
2025-10-14T16:29:35: > NODE_NO_WARNINGS=1 next start --port 3005
2025-10-14T16:29:35: 
2025-10-14T16:29:35:    ▲ Next.js 15.2.3
2025-10-14T16:29:35:    - Local:        http://localhost:3005
2025-10-14T16:29:35:    - Network:      http://10.1.24.7:3005
2025-10-14T16:29:35: 
2025-10-14T16:29:35:  ✓ Starting...
2025-10-14T16:29:35:  ELIFECYCLE  Command failed with exit code 1.
2025-10-14T16:29:36: 
2025-10-14T16:29:36: > shipany-template-one@2.6.0 start /home/ubuntu/ship-haopengyou
2025-10-14T16:29:36: > NODE_NO_WARNINGS=1 next start --port 3005
2025-10-14T16:29:36: 
2025-10-14T16:29:36:    ▲ Next.js 15.2.3
2025-10-14T16:29:36:    - Local:        http://localhost:3005
2025-10-14T16:29:36:    - Network:      http://10.1.24.7:3005
2025-10-14T16:29:36: 
2025-10-14T16:29:36:  ✓ Starting...
2025-10-14T16:29:36:  ELIFECYCLE  Command failed with exit code 1.
2025-10-14T16:29:37: 
2025-10-14T16:29:37: > shipany-template-one@2.6.0 start /home/ubuntu/ship-haopengyou
2025-10-14T16:29:37: > NODE_NO_WARNINGS=1 next start --port 3005
2025-10-14T16:29:37: 
2025-10-14T16:29:37:    ▲ Next.js 15.2.3
2025-10-14T16:29:37:    - Local:        http://localhost:3005
2025-10-14T16:29:37:    - Network:      http://10.1.24.7:3005
2025-10-14T16:29:37: 
2025-10-14T16:29:37:  ✓ Starting...
2025-10-14T16:29:37:  ELIFECYCLE  Command failed with exit code 1.
2025-10-14T16:29:37: 
2025-10-14T16:29:37: > shipany-template-one@2.6.0 start /home/ubuntu/ship-haopengyou
2025-10-14T16:29:37: > NODE_NO_WARNINGS=1 next start --port 3005
2025-10-14T16:29:37: 
2025-10-14T16:29:38:    ▲ Next.js 15.2.3
2025-10-14T16:29:38:    - Local:        http://localhost:3005
2025-10-14T16:29:38:    - Network:      http://10.1.24.7:3005
2025-10-14T16:29:38: 
2025-10-14T16:29:38:  ✓ Starting...
2025-10-14T16:29:38:  ELIFECYCLE  Command failed with exit code 1.
2025-10-14T16:29:38: 
2025-10-14T16:29:38: > shipany-template-one@2.6.0 start /home/ubuntu/ship-haopengyou
2025-10-14T16:29:38: > NODE_NO_WARNINGS=1 next start --port 3005
2025-10-14T16:29:38: 
2025-10-14T16:29:39:    ▲ Next.js 15.2.3
2025-10-14T16:29:39:    - Local:        http://localhost:3005
2025-10-14T16:29:39:    - Network:      http://10.1.24.7:3005
2025-10-14T16:29:39: 
2025-10-14T16:29:39:  ✓ Starting...
2025-10-14T16:29:39:  ELIFECYCLE  Command failed with exit code 1.
2025-10-14T16:29:39: 
2025-10-14T16:29:39: > shipany-template-one@2.6.0 start /home/ubuntu/ship-haopengyou
2025-10-14T16:29:39: > NODE_NO_WARNINGS=1 next start --port 3005
2025-10-14T16:29:39: 
2025-10-14T16:29:40:    ▲ Next.js 15.2.3
2025-10-14T16:29:40:    - Local:        http://localhost:3005
2025-10-14T16:29:40:    - Network:      http://10.1.24.7:3005
2025-10-14T16:29:40: 
2025-10-14T16:29:40:  ✓ Starting...
2025-10-14T16:29:40:  ELIFECYCLE  Command failed with exit code 1.
2025-10-14T16:29:40: 
2025-10-14T16:29:40: > shipany-template-one@2.6.0 start /home/ubuntu/ship-haopengyou
2025-10-14T16:29:40: > NODE_NO_WARNINGS=1 next start --port 3005
2025-10-14T16:29:40: 
2025-10-14T16:29:41:    ▲ Next.js 15.2.3
2025-10-14T16:29:41:    - Local:        http://localhost:3005
2025-10-14T16:29:41:    - Network:      http://10.1.24.7:3005
2025-10-14T16:29:41: 
2025-10-14T16:29:41:  ✓ Starting...
2025-10-14T16:29:41:  ELIFECYCLE  Command failed with exit code 1.
2025-10-14T16:29:41: 
2025-10-14T16:29:41: > shipany-template-one@2.6.0 start /home/ubuntu/ship-haopengyou
2025-10-14T16:29:41: > NODE_NO_WARNINGS=1 next start --port 3005
2025-10-14T16:29:41: 
2025-10-14T16:29:41:    ▲ Next.js 15.2.3
2025-10-14T16:29:41:    - Local:        http://localhost:3005
2025-10-14T16:29:41:    - Network:      http://10.1.24.7:3005
2025-10-14T16:29:41: 
2025-10-14T16:29:41:  ✓ Starting...
2025-10-14T16:29:42:  ELIFECYCLE  Command failed with exit code 1.
2025-10-14T16:29:42: 
2025-10-14T16:29:42: > shipany-template-one@2.6.0 start /home/ubuntu/ship-haopengyou
2025-10-14T16:29:42: > NODE_NO_WARNINGS=1 next start --port 3005
2025-10-14T16:29:42: 
2025-10-14T16:29:42:    ▲ Next.js 15.2.3
2025-10-14T16:29:42:    - Local:        http://localhost:3005
2025-10-14T16:29:42:    - Network:      http://10.1.24.7:3005
2025-10-14T16:29:42: 
2025-10-14T16:29:42:  ✓ Starting...
2025-10-14T16:29:43:  ELIFECYCLE  Command failed with exit code 1.
2025-10-14T16:29:43: 
2025-10-14T16:29:43: > shipany-template-one@2.6.0 start /home/ubuntu/ship-haopengyou
2025-10-14T16:29:43: > NODE_NO_WARNINGS=1 next start --port 3005
2025-10-14T16:29:43: 
2025-10-14T16:29:43:    ▲ Next.js 15.2.3
2025-10-14T16:29:43:    - Local:        http://localhost:3005
2025-10-14T16:29:43:    - Network:      http://10.1.24.7:3005
2025-10-14T16:29:43: 
2025-10-14T16:29:43:  ✓ Starting...
2025-10-14T16:29:44:  ELIFECYCLE  Command failed with exit code 1.
2025-10-14T16:29:44: 
2025-10-14T16:29:44: > shipany-template-one@2.6.0 start /home/ubuntu/ship-haopengyou
2025-10-14T16:29:44: > NODE_NO_WARNINGS=1 next start --port 3005
2025-10-14T16:29:44: 
2025-10-14T16:29:44:    ▲ Next.js 15.2.3
2025-10-14T16:29:44:    - Local:        http://localhost:3005
2025-10-14T16:29:44:    - Network:      http://10.1.24.7:3005
2025-10-14T16:29:44: 
2025-10-14T16:29:44:  ✓ Starting...
2025-10-14T16:29:45:  ELIFECYCLE  Command failed with exit code 1.
2025-10-14T16:29:45: 
2025-10-14T16:29:45: > shipany-template-one@2.6.0 start /home/ubuntu/ship-haopengyou
2025-10-14T16:29:45: > NODE_NO_WARNINGS=1 next start --port 3005
2025-10-14T16:29:45: 
2025-10-14T16:29:45:    ▲ Next.js 15.2.3
2025-10-14T16:29:45:    - Local:        http://localhost:3005
2025-10-14T16:29:45:    - Network:      http://10.1.24.7:3005
2025-10-14T16:29:45: 
2025-10-14T16:29:45:  ✓ Starting...
2025-10-14T16:29:45:  ELIFECYCLE  Command failed with exit code 1.
2025-10-14T16:29:46: 
2025-10-14T16:29:46: > shipany-template-one@2.6.0 start /home/ubuntu/ship-haopengyou
2025-10-14T16:29:46: > NODE_NO_WARNINGS=1 next start --port 3005
2025-10-14T16:29:46: 
2025-10-14T16:29:46:    ▲ Next.js 15.2.3
2025-10-14T16:29:46:    - Local:        http://localhost:3005
2025-10-14T16:29:46:    - Network:      http://10.1.24.7:3005
2025-10-14T16:29:46: 
2025-10-14T16:29:46:  ✓ Starting...
2025-10-14T16:29:46:  ELIFECYCLE  Command failed with exit code 1.
2025-10-14T16:29:47: 
2025-10-14T16:29:47: > shipany-template-one@2.6.0 start /home/ubuntu/ship-haopengyou
2025-10-14T16:29:47: > NODE_NO_WARNINGS=1 next start --port 3005
2025-10-14T16:29:47: 
2025-10-14T16:29:47:    ▲ Next.js 15.2.3
2025-10-14T16:29:47:    - Local:        http://localhost:3005
2025-10-14T16:29:47:    - Network:      http://10.1.24.7:3005
2025-10-14T16:29:47: 
2025-10-14T16:29:47:  ✓ Starting...
2025-10-14T16:29:47:  ELIFECYCLE  Command failed with exit code 1.
2025-10-14T16:29:48: 
2025-10-14T16:29:48: > shipany-template-one@2.6.0 start /home/ubuntu/ship-haopengyou
2025-10-14T16:29:48: > NODE_NO_WARNINGS=1 next start --port 3005
2025-10-14T16:29:48: 
2025-10-14T16:29:48:    ▲ Next.js 15.2.3
2025-10-14T16:29:48:    - Local:        http://localhost:3005
2025-10-14T16:29:48:    - Network:      http://10.1.24.7:3005
2025-10-14T16:29:48: 
2025-10-14T16:29:48:  ✓ Starting...
2025-10-14T16:29:48:  ELIFECYCLE  Command failed with exit code 1.
2025-10-14T16:29:49: 
2025-10-14T16:29:49: > shipany-template-one@2.6.0 start /home/ubuntu/ship-haopengyou
2025-10-14T16:29:49: > NODE_NO_WARNINGS=1 next start --port 3005
2025-10-14T16:29:49: 
2025-10-14T16:29:49:    ▲ Next.js 15.2.3
2025-10-14T16:29:49:    - Local:        http://localhost:3005
2025-10-14T16:29:49:    - Network:      http://10.1.24.7:3005
2025-10-14T16:29:49: 
2025-10-14T16:29:49:  ✓ Starting...
2025-10-14T16:29:49:  ELIFECYCLE  Command failed with exit code 1.
2025-10-14T16:29:50: 
2025-10-14T16:29:50: > shipany-template-one@2.6.0 start /home/ubuntu/ship-haopengyou
2025-10-14T16:29:50: > NODE_NO_WARNINGS=1 next start --port 3005
2025-10-14T16:29:50: 
2025-10-14T16:29:50:    ▲ Next.js 15.2.3
2025-10-14T16:29:50:    - Local:        http://localhost:3005
2025-10-14T16:29:50:    - Network:      http://10.1.24.7:3005
2025-10-14T16:29:50: 
2025-10-14T16:29:50:  ✓ Starting...
2025-10-14T16:29:50:  ELIFECYCLE  Command failed with exit code 1.
2025-10-14T16:29:51: 
2025-10-14T16:29:51: > shipany-template-one@2.6.0 start /home/ubuntu/ship-haopengyou
2025-10-14T16:29:51: > NODE_NO_WARNINGS=1 next start --port 3005
2025-10-14T16:29:51: 
2025-10-14T16:29:51:    ▲ Next.js 15.2.3
2025-10-14T16:29:51:    - Local:        http://localhost:3005
2025-10-14T16:29:51:    - Network:      http://10.1.24.7:3005
2025-10-14T16:29:51: 
2025-10-14T16:29:51:  ✓ Starting...
2025-10-14T16:29:51:  ELIFECYCLE  Command failed with exit code 1.
2025-10-14T16:29:52: 
2025-10-14T16:29:52: > shipany-template-one@2.6.0 start /home/ubuntu/ship-haopengyou
2025-10-14T16:29:52: > NODE_NO_WARNINGS=1 next start --port 3005
2025-10-14T16:29:52: 
2025-10-14T16:29:52:    ▲ Next.js 15.2.3
2025-10-14T16:29:52:    - Local:        http://localhost:3005
2025-10-14T16:29:52:    - Network:      http://10.1.24.7:3005
2025-10-14T16:29:52: 
2025-10-14T16:29:52:  ✓ Starting...
2025-10-14T16:29:52:  ELIFECYCLE  Command failed with exit code 1.
2025-10-14T16:29:53: 
2025-10-14T16:29:53: > shipany-template-one@2.6.0 start /home/ubuntu/ship-haopengyou
2025-10-14T16:29:53: > NODE_NO_WARNINGS=1 next start --port 3005
2025-10-14T16:29:53: 
2025-10-14T16:29:53:    ▲ Next.js 15.2.3
2025-10-14T16:29:53:    - Local:        http://localhost:3005
2025-10-14T16:29:53:    - Network:      http://10.1.24.7:3005
2025-10-14T16:29:53: 
2025-10-14T16:29:53:  ✓ Starting...
2025-10-14T16:29:53:  ELIFECYCLE  Command failed with exit code 1.
2025-10-14T16:29:54: 
2025-10-14T16:29:54: > shipany-template-one@2.6.0 start /home/ubuntu/ship-haopengyou
2025-10-14T16:29:54: > NODE_NO_WARNINGS=1 next start --port 3005
2025-10-14T16:29:54: 
2025-10-14T16:29:54:    ▲ Next.js 15.2.3
2025-10-14T16:29:54:    - Local:        http://localhost:3005
2025-10-14T16:29:54:    - Network:      http://10.1.24.7:3005
2025-10-14T16:29:54: 
2025-10-14T16:29:54:  ✓ Starting...
2025-10-14T16:29:54:  ELIFECYCLE  Command failed with exit code 1.
2025-10-14T16:29:55: 
2025-10-14T16:29:55: > shipany-template-one@2.6.0 start /home/ubuntu/ship-haopengyou
2025-10-14T16:29:55: > NODE_NO_WARNINGS=1 next start --port 3005
2025-10-14T16:29:55: 
2025-10-14T16:29:55:    ▲ Next.js 15.2.3
2025-10-14T16:29:55:    - Local:        http://localhost:3005
2025-10-14T16:29:55:    - Network:      http://10.1.24.7:3005
2025-10-14T16:29:55: 
2025-10-14T16:29:55:  ✓ Starting...
2025-10-14T16:29:55:  ELIFECYCLE  Command failed with exit code 1.
2025-10-14T16:29:56: 
2025-10-14T16:29:56: > shipany-template-one@2.6.0 start /home/ubuntu/ship-haopengyou
2025-10-14T16:29:56: > NODE_NO_WARNINGS=1 next start --port 3005
2025-10-14T16:29:56: 
2025-10-14T16:29:56:    ▲ Next.js 15.2.3
2025-10-14T16:29:56:    - Local:        http://localhost:3005
2025-10-14T16:29:56:    - Network:      http://10.1.24.7:3005
2025-10-14T16:29:56: 
2025-10-14T16:29:56:  ✓ Starting...
2025-10-14T16:29:56:  ELIFECYCLE  Command failed with exit code 1.
2025-10-14T16:29:56: 
2025-10-14T16:29:56: > shipany-template-one@2.6.0 start /home/ubuntu/ship-haopengyou
2025-10-14T16:29:56: > NODE_NO_WARNINGS=1 next start --port 3005
2025-10-14T16:29:56: 
2025-10-14T16:29:57:    ▲ Next.js 15.2.3
2025-10-14T16:29:57:    - Local:        http://localhost:3005
2025-10-14T16:29:57:    - Network:      http://10.1.24.7:3005
2025-10-14T16:29:57: 
2025-10-14T16:29:57:  ✓ Starting...
2025-10-14T16:29:57:  ELIFECYCLE  Command failed with exit code 1.
2025-10-14T16:29:57: 
2025-10-14T16:29:57: > shipany-template-one@2.6.0 start /home/ubuntu/ship-haopengyou
2025-10-14T16:29:57: > NODE_NO_WARNINGS=1 next start --port 3005
2025-10-14T16:29:57: 
2025-10-14T16:29:58:    ▲ Next.js 15.2.3
2025-10-14T16:29:58:    - Local:        http://localhost:3005
2025-10-14T16:29:58:    - Network:      http://10.1.24.7:3005
2025-10-14T16:29:58: 
2025-10-14T16:29:58:  ✓ Starting...
2025-10-14T16:29:58:  ELIFECYCLE  Command failed with exit code 1.
2025-10-14T16:29:58: 
2025-10-14T16:29:58: > shipany-template-one@2.6.0 start /home/ubuntu/ship-haopengyou
2025-10-14T16:29:58: > NODE_NO_WARNINGS=1 next start --port 3005
2025-10-14T16:29:58: 
2025-10-14T16:29:59:    ▲ Next.js 15.2.3
2025-10-14T16:29:59:    - Local:        http://localhost:3005
2025-10-14T16:29:59:    - Network:      http://10.1.24.7:3005
2025-10-14T16:29:59: 
2025-10-14T16:29:59:  ✓ Starting...
2025-10-14T16:29:59:  ELIFECYCLE  Command failed with exit code 1.
2025-10-14T16:29:59: 
2025-10-14T16:29:59: > shipany-template-one@2.6.0 start /home/ubuntu/ship-haopengyou
2025-10-14T16:29:59: > NODE_NO_WARNINGS=1 next start --port 3005
2025-10-14T16:29:59: 
2025-10-14T16:30:00:    ▲ Next.js 15.2.3
2025-10-14T16:30:00:    - Local:        http://localhost:3005
2025-10-14T16:30:00:    - Network:      http://10.1.24.7:3005
2025-10-14T16:30:00: 
2025-10-14T16:30:00:  ✓ Starting...
2025-10-14T16:30:00:  ELIFECYCLE  Command failed with exit code 1.
2025-10-14T16:30:00: 
2025-10-14T16:30:00: > shipany-template-one@2.6.0 start /home/ubuntu/ship-haopengyou
2025-10-14T16:30:00: > NODE_NO_WARNINGS=1 next start --port 3005
2025-10-14T16:30:00: 
2025-10-14T16:30:00:    ▲ Next.js 15.2.3
2025-10-14T16:30:00:    - Local:        http://localhost:3005
2025-10-14T16:30:00:    - Network:      http://10.1.24.7:3005
2025-10-14T16:30:00: 
2025-10-14T16:30:00:  ✓ Starting...
2025-10-14T16:30:01:  ELIFECYCLE  Command failed with exit code 1.
